  Matrix_Col_SIMD.cpp
  Matrix_Mv_SIMD.cpp
  Matrix_M_SIMD.cpp
  Matrix_Row_SIMD.cpp
  Matrix_vM_SIMD.cpp
  Vect_Col_SIMD.cpp
  Vect_LERP_SIMD.cpp
  Vect_Mv_SIMD.cpp
  Vect_M_SIMD.cpp
  Vect_Row_SIMD.cpp
  Vect_Triangle_SIMD.cpp
  Vect_vM_SIMD.cpp
  main.cpp
  Matrix.cpp
  Vect4D.cpp
  Performance_ColMajorCPP.cpp
  Performance_ColMajorSIMD.cpp
  Performance_LERPCpp.cpp
  Performance_LERPSIMD.cpp
  Performance_MatrixCpp.cpp
  Performance_MatrixSIMD.cpp
  Performance_MatrixVectCpp.cpp
  Performance_MatrixVectSIMD.cpp
  Performance_TriangleCpp.cpp
  Performance_TriangleSIMD.cpp
  Performance_VectMatrixCpp.cpp
  Performance_VectMatrixSIMD.cpp
  Unit_Verify_LERP_Math.cpp
  Unit_Verify_Matrix_Vect_Math.cpp
  Unit_Verify_Triangle_Math.cpp
  Unit_Verify_Vect_Matrix_Math.cpp
  Unit_Verify_Matrix_Matrix_Math.cpp
  Unit_Verify_Row_Math.cpp
  Unit_Verify_Col_Math.cpp
  PerformanceTest.cpp
  Performance_RowMajorCpp.cpp
  Performance_RowMajorSIMD.cpp
  PA6.vcxproj -> C:\Users\Caleb\Documents\HelixWorkspace\student\cpapay\PA6\Release\SIMD.exe
