c:\users\caleb\documents\helixworkspace\student\cpapay\pa6\pa6_readonly\release\vc142.pdb
c:\users\caleb\documents\helixworkspace\student\cpapay\pa6\pa6_readonly\release\vect_triangle_simd.obj
c:\users\caleb\documents\helixworkspace\student\cpapay\pa6\pa6_readonly\release\vect_col_simd.obj
c:\users\caleb\documents\helixworkspace\student\cpapay\pa6\pa6_readonly\release\vect_vm_simd.obj
c:\users\caleb\documents\helixworkspace\student\cpapay\pa6\pa6_readonly\release\performance_matrixsimd.obj
c:\users\caleb\documents\helixworkspace\student\cpapay\pa6\pa6_readonly\release\unit_verify_triangle_math.obj
c:\users\caleb\documents\helixworkspace\student\cpapay\pa6\pa6_readonly\release\performance_rowmajorsimd.obj
c:\users\caleb\documents\helixworkspace\student\cpapay\pa6\pa6_readonly\release\vect_lerp_simd.obj
c:\users\caleb\documents\helixworkspace\student\cpapay\pa6\pa6_readonly\release\vect_row_simd.obj
c:\users\caleb\documents\helixworkspace\student\cpapay\pa6\pa6_readonly\release\performance_lerpsimd.obj
c:\users\caleb\documents\helixworkspace\student\cpapay\pa6\pa6_readonly\release\performance_trianglesimd.obj
c:\users\caleb\documents\helixworkspace\student\cpapay\pa6\pa6_readonly\release\performancetest.obj
c:\users\caleb\documents\helixworkspace\student\cpapay\pa6\pa6_readonly\release\matrix_mv_simd.obj
c:\users\caleb\documents\helixworkspace\student\cpapay\pa6\pa6_readonly\release\vect4d.obj
c:\users\caleb\documents\helixworkspace\student\cpapay\pa6\pa6_readonly\release\performance_matrixcpp.obj
c:\users\caleb\documents\helixworkspace\student\cpapay\pa6\pa6_readonly\release\unit_verify_matrix_vect_math.obj
c:\users\caleb\documents\helixworkspace\student\cpapay\pa6\pa6_readonly\release\performance_rowmajorcpp.obj
c:\users\caleb\documents\helixworkspace\student\cpapay\pa6\pa6_readonly\release\matrix_m_simd.obj
c:\users\caleb\documents\helixworkspace\student\cpapay\pa6\pa6_readonly\release\performance_colmajorcpp.obj
c:\users\caleb\documents\helixworkspace\student\cpapay\pa6\pa6_readonly\release\performance_lerpcpp.obj
c:\users\caleb\documents\helixworkspace\student\cpapay\pa6\pa6_readonly\release\performance_vectmatrixsimd.obj
c:\users\caleb\documents\helixworkspace\student\cpapay\pa6\pa6_readonly\release\unit_verify_col_math.obj
c:\users\caleb\documents\helixworkspace\student\cpapay\pa6\pa6_readonly\release\matrix_col_simd.obj
c:\users\caleb\documents\helixworkspace\student\cpapay\pa6\pa6_readonly\release\vect_m_simd.obj
c:\users\caleb\documents\helixworkspace\student\cpapay\pa6\pa6_readonly\release\performance_matrixvectsimd.obj
c:\users\caleb\documents\helixworkspace\student\cpapay\pa6\pa6_readonly\release\unit_verify_vect_matrix_math.obj
c:\users\caleb\documents\helixworkspace\student\cpapay\pa6\pa6_readonly\release\matrix_row_simd.obj
c:\users\caleb\documents\helixworkspace\student\cpapay\pa6\pa6_readonly\release\matrix.obj
c:\users\caleb\documents\helixworkspace\student\cpapay\pa6\pa6_readonly\release\performance_matrixvectcpp.obj
c:\users\caleb\documents\helixworkspace\student\cpapay\pa6\pa6_readonly\release\unit_verify_lerp_math.obj
c:\users\caleb\documents\helixworkspace\student\cpapay\pa6\pa6_readonly\release\vect_mv_simd.obj
c:\users\caleb\documents\helixworkspace\student\cpapay\pa6\pa6_readonly\release\main.obj
c:\users\caleb\documents\helixworkspace\student\cpapay\pa6\pa6_readonly\release\performance_trianglecpp.obj
c:\users\caleb\documents\helixworkspace\student\cpapay\pa6\pa6_readonly\release\unit_verify_matrix_matrix_math.obj
c:\users\caleb\documents\helixworkspace\student\cpapay\pa6\pa6_readonly\release\matrix_vm_simd.obj
c:\users\caleb\documents\helixworkspace\student\cpapay\pa6\pa6_readonly\release\performance_colmajorsimd.obj
c:\users\caleb\documents\helixworkspace\student\cpapay\pa6\pa6_readonly\release\performance_vectmatrixcpp.obj
c:\users\caleb\documents\helixworkspace\student\cpapay\pa6\pa6_readonly\release\unit_verify_row_math.obj
c:\users\caleb\documents\helixworkspace\student\cpapay\pa6\release\simd.exe
c:\users\caleb\documents\helixworkspace\student\cpapay\pa6\release\simd.pdb
c:\users\caleb\documents\helixworkspace\student\cpapay\pa6\pa6_readonly\release\simd.tlog\cl.command.1.tlog
c:\users\caleb\documents\helixworkspace\student\cpapay\pa6\pa6_readonly\release\simd.tlog\cl.read.1.tlog
c:\users\caleb\documents\helixworkspace\student\cpapay\pa6\pa6_readonly\release\simd.tlog\cl.write.1.tlog
c:\users\caleb\documents\helixworkspace\student\cpapay\pa6\pa6_readonly\release\simd.tlog\link.command.1.tlog
c:\users\caleb\documents\helixworkspace\student\cpapay\pa6\pa6_readonly\release\simd.tlog\link.read.1.tlog
c:\users\caleb\documents\helixworkspace\student\cpapay\pa6\pa6_readonly\release\simd.tlog\link.write.1.tlog
